e:\work\james\curses menu system\debug\menu system.ilk
e:\work\james\curses menu system\debug\menu system.exe
e:\work\james\curses menu system\debug\menu system.pdb
e:\work\james\curses menu system\menu system\debug\vc120.pdb
e:\work\james\curses menu system\menu system\debug\vc120.idb
e:\work\james\curses menu system\menu system\debug\antclock.obj
e:\work\james\curses menu system\menu system\debug\anttime.obj
e:\work\james\curses menu system\menu system\debug\input.obj
e:\work\james\curses menu system\menu system\debug\menufactory.obj
e:\work\james\curses menu system\menu system\debug\menuobject.obj
e:\work\james\curses menu system\menu system\debug\menuprinter.obj
e:\work\james\curses menu system\menu system\debug\messenger.obj
e:\work\james\curses menu system\menu system\debug\menusystem.obj
e:\work\james\curses menu system\menu system\debug\main.obj
e:\work\james\curses menu system\menu system\debug\mainmenu.obj
e:\work\james\curses menu system\menu system\debug\app.obj
e:\work\james\curses menu system\menu system\debug\menu system.tlog\cl.command.1.tlog
e:\work\james\curses menu system\menu system\debug\menu system.tlog\link.command.1.tlog
e:\work\james\curses menu system\menu system\debug\menu system.tlog\cl.read.1.tlog
e:\work\james\curses menu system\menu system\debug\menu system.tlog\link.read.1.tlog
e:\work\james\curses menu system\menu system\debug\menu system.tlog\link.write.1.tlog
e:\work\james\curses menu system\menu system\debug\menu system.tlog\cl.write.1.tlog
