e:\work\james\assignment 1\menu system\debug\vc120.pdb
d:\work\james\assignment 1\menu system\debug\vc120.pdb
d:\work\james\assignment 1\menu system\debug\vc120.idb
d:\work\james\assignment 1\menu system\debug\antclock.obj
d:\work\james\assignment 1\menu system\debug\consoleapp.obj
d:\work\james\assignment 1\menu system\debug\difficultymenu.obj
d:\work\james\assignment 1\menu system\debug\game.obj
d:\work\james\assignment 1\menu system\debug\hangingman.obj
d:\work\james\assignment 1\menu system\debug\hangman.obj
d:\work\james\assignment 1\menu system\debug\menu.obj
d:\work\james\assignment 1\menu system\debug\menusystem.obj
d:\work\james\assignment 1\menu system\debug\input.obj
d:\work\james\assignment 1\menu system\debug\main.obj
d:\work\james\assignment 1\menu system\debug\mainmenu.obj
d:\work\james\assignment 1\menu system\debug\menufactory.obj
d:\work\james\assignment 1\menu system\debug\menuentry.obj
d:\work\james\assignment 1\menu system\debug\printer.obj
d:\work\james\assignment 1\menu system\debug\messenger.obj
d:\work\james\assignment 1\menu system\debug\snaaake.obj
d:\work\james\assignment 1\menu system\debug\snake.obj
d:\work\james\assignment 1\menu system\debug\snakegrid.obj
e:\work\james\assignment 1\debug\video games.ilk
e:\work\james\assignment 1\debug\video games.exe
e:\work\james\assignment 1\debug\video games.pdb
d:\work\james\assignment 1\debug\video games.ilk
d:\work\james\assignment 1\debug\video games.exe
d:\work\james\assignment 1\debug\video games.pdb
d:\work\james\assignment 1\menu system\debug\video games.tlog\cl.read.1.tlog
d:\work\james\assignment 1\menu system\debug\video games.tlog\link.read.1.tlog
d:\work\james\assignment 1\menu system\debug\video games.tlog\cl.write.1.tlog
d:\work\james\assignment 1\menu system\debug\video games.tlog\cl.command.1.tlog
d:\work\james\assignment 1\menu system\debug\video games.tlog\link.command.1.tlog
d:\work\james\assignment 1\menu system\debug\video games.tlog\link.write.1.tlog
